d:\opengl\myopengl\myopengl\debug\vc142.pdb
d:\opengl\myopengl\myopengl\debug\vc142.idb
d:\opengl\myopengl\myopengl\debug\vertexbuffer.obj
d:\opengl\myopengl\myopengl\debug\renderer.obj
d:\opengl\myopengl\myopengl\debug\indexbuffer.obj
d:\opengl\myopengl\myopengl\debug\application.obj
d:\opengl\myopengl\myopengl\debug\application.obj.enc
d:\opengl\myopengl\debug\myopengl.pdb
d:\opengl\myopengl\myopengl\debug\myopengl.tlog\cl.command.1.tlog
d:\opengl\myopengl\myopengl\debug\myopengl.tlog\cl.read.1.tlog
d:\opengl\myopengl\myopengl\debug\myopengl.tlog\cl.write.1.tlog
d:\opengl\myopengl\myopengl\debug\myopengl.tlog\link.7344-cvtres.read.1.tlog
d:\opengl\myopengl\myopengl\debug\myopengl.tlog\link.7344-cvtres.write.1.tlog
d:\opengl\myopengl\myopengl\debug\myopengl.tlog\link.7344-rc.read.1.tlog
d:\opengl\myopengl\myopengl\debug\myopengl.tlog\link.7344-rc.write.1.tlog
d:\opengl\myopengl\myopengl\debug\myopengl.tlog\link.7344.read.1.tlog
d:\opengl\myopengl\myopengl\debug\myopengl.tlog\link.7344.write.1.tlog
d:\opengl\myopengl\myopengl\debug\myopengl.tlog\link.command.1.tlog
d:\opengl\myopengl\myopengl\debug\myopengl.tlog\link.read.1.tlog
d:\opengl\myopengl\myopengl\debug\myopengl.tlog\link.write.1.tlog
